TN:
SF:src/ejercicio-1/galactic-registry.ts
FN:100,(anonymous_0)
FN:103,(anonymous_1)
FN:110,(anonymous_2)
FN:112,(anonymous_3)
FN:116,(anonymous_4)
FN:120,(anonymous_5)
FN:121,(anonymous_6)
FN:124,(anonymous_7)
FN:125,(anonymous_8)
FN:128,(anonymous_9)
FN:129,(anonymous_10)
FN:132,(anonymous_11)
FN:133,(anonymous_12)
FN:143,(anonymous_13)
FN:147,(anonymous_14)
FN:155,(anonymous_15)
FN:159,(anonymous_16)
FN:167,(anonymous_17)
FN:171,(anonymous_18)
FNF:19
FNH:14
FNDA:7,(anonymous_0)
FNDA:0,(anonymous_1)
FNDA:1,(anonymous_2)
FNDA:1,(anonymous_3)
FNDA:2,(anonymous_4)
FNDA:1,(anonymous_5)
FNDA:1,(anonymous_6)
FNDA:1,(anonymous_7)
FNDA:1,(anonymous_8)
FNDA:0,(anonymous_9)
FNDA:0,(anonymous_10)
FNDA:1,(anonymous_11)
FNDA:1,(anonymous_12)
FNDA:1,(anonymous_13)
FNDA:1,(anonymous_14)
FNDA:1,(anonymous_15)
FNDA:1,(anonymous_16)
FNDA:0,(anonymous_17)
FNDA:0,(anonymous_18)
DA:98,21
DA:101,7
DA:103,7
DA:104,0
DA:107,7
DA:111,1
DA:112,1
DA:113,1
DA:117,2
DA:121,1
DA:125,1
DA:129,0
DA:133,1
DA:144,1
DA:145,0
DA:147,1
DA:156,1
DA:157,0
DA:159,1
DA:168,0
DA:169,0
DA:171,0
LF:22
LH:15
BRDA:101,0,0,0
BRDA:101,0,1,7
BRDA:103,1,0,0
BRDA:103,1,1,7
BRDA:144,2,0,0
BRDA:144,2,1,1
BRDA:156,3,0,0
BRDA:156,3,1,1
BRDA:168,4,0,0
BRDA:168,4,1,0
BRF:10
BRH:4
end_of_record
