TN:
SF:src/ejercicio-1/galactic-registry.ts
FN:100,(anonymous_0)
FN:103,(anonymous_1)
FN:110,(anonymous_2)
FN:112,(anonymous_3)
FN:116,(anonymous_4)
FN:120,(anonymous_5)
FN:121,(anonymous_6)
FN:124,(anonymous_7)
FN:125,(anonymous_8)
FN:128,(anonymous_9)
FN:129,(anonymous_10)
FN:132,(anonymous_11)
FN:133,(anonymous_12)
FN:143,(anonymous_13)
FN:147,(anonymous_14)
FN:155,(anonymous_15)
FN:159,(anonymous_16)
FN:167,(anonymous_17)
FN:171,(anonymous_18)
FNF:19
FNH:14
FNDA:7,(anonymous_0)
FNDA:0,(anonymous_1)
FNDA:1,(anonymous_2)
FNDA:1,(anonymous_3)
FNDA:2,(anonymous_4)
FNDA:1,(anonymous_5)
FNDA:1,(anonymous_6)
FNDA:1,(anonymous_7)
FNDA:1,(anonymous_8)
FNDA:0,(anonymous_9)
FNDA:0,(anonymous_10)
FNDA:1,(anonymous_11)
FNDA:1,(anonymous_12)
FNDA:1,(anonymous_13)
FNDA:1,(anonymous_14)
FNDA:1,(anonymous_15)
FNDA:1,(anonymous_16)
FNDA:0,(anonymous_17)
FNDA:0,(anonymous_18)
DA:98,21
DA:101,7
DA:103,7
DA:104,0
DA:107,7
DA:111,1
DA:112,1
DA:113,1
DA:117,2
DA:121,1
DA:125,1
DA:129,0
DA:133,1
DA:144,1
DA:145,0
DA:147,1
DA:156,1
DA:157,0
DA:159,1
DA:168,0
DA:169,0
DA:171,0
LF:22
LH:15
BRDA:101,0,0,0
BRDA:101,0,1,7
BRDA:103,1,0,0
BRDA:103,1,1,7
BRDA:144,2,0,0
BRDA:144,2,1,1
BRDA:156,3,0,0
BRDA:156,3,1,1
BRDA:168,4,0,0
BRDA:168,4,1,0
BRF:10
BRH:4
end_of_record
TN:
SF:src/ejercicio-2/recipe-system.ts
FN:104,(anonymous_0)
FN:137,(anonymous_1)
FN:167,(anonymous_2)
FN:194,(anonymous_3)
FN:221,(anonymous_4)
FN:245,(anonymous_5)
FN:278,(anonymous_6)
FN:279,(anonymous_7)
FN:293,(anonymous_8)
FN:301,(anonymous_9)
FN:306,(anonymous_10)
FN:321,(anonymous_11)
FN:323,(anonymous_12)
FN:332,(anonymous_13)
FN:333,(anonymous_14)
FN:340,(anonymous_15)
FN:356,(anonymous_16)
FN:365,(anonymous_17)
FN:371,(anonymous_18)
FN:380,(anonymous_19)
FN:385,(anonymous_20)
FN:400,(anonymous_21)
FN:409,(anonymous_22)
FN:415,(anonymous_23)
FN:425,(anonymous_24)
FN:433,(anonymous_25)
FN:448,(anonymous_26)
FN:457,(anonymous_27)
FN:463,(anonymous_28)
FN:472,(anonymous_29)
FN:477,(anonymous_30)
FN:478,(anonymous_31)
FN:487,(anonymous_32)
FN:488,(anonymous_33)
FN:501,(anonymous_34)
FN:512,(anonymous_35)
FN:513,(anonymous_36)
FN:514,(anonymous_37)
FN:516,(anonymous_38)
FN:517,(anonymous_39)
FN:553,(anonymous_40)
FNF:41
FNH:37
FNDA:3,(anonymous_0)
FNDA:1,(anonymous_1)
FNDA:1,(anonymous_2)
FNDA:2,(anonymous_3)
FNDA:1,(anonymous_4)
FNDA:1,(anonymous_5)
FNDA:45,(anonymous_6)
FNDA:0,(anonymous_7)
FNDA:13,(anonymous_8)
FNDA:13,(anonymous_9)
FNDA:5,(anonymous_10)
FNDA:1,(anonymous_11)
FNDA:1,(anonymous_12)
FNDA:2,(anonymous_13)
FNDA:1,(anonymous_14)
FNDA:0,(anonymous_15)
FNDA:4,(anonymous_16)
FNDA:1,(anonymous_17)
FNDA:1,(anonymous_18)
FNDA:1,(anonymous_19)
FNDA:1,(anonymous_20)
FNDA:7,(anonymous_21)
FNDA:1,(anonymous_22)
FNDA:1,(anonymous_23)
FNDA:2,(anonymous_24)
FNDA:1,(anonymous_25)
FNDA:9,(anonymous_26)
FNDA:0,(anonymous_27)
FNDA:0,(anonymous_28)
FNDA:2,(anonymous_29)
FNDA:3,(anonymous_30)
FNDA:5,(anonymous_31)
FNDA:1,(anonymous_32)
FNDA:2,(anonymous_33)
FNDA:1,(anonymous_34)
FNDA:2,(anonymous_35)
FNDA:5,(anonymous_36)
FNDA:5,(anonymous_37)
FNDA:4,(anonymous_38)
FNDA:1,(anonymous_39)
FNDA:1,(anonymous_40)
DA:105,3
DA:106,3
DA:107,3
DA:108,3
DA:109,3
DA:110,3
DA:112,3
DA:113,0
DA:115,3
DA:116,0
DA:118,3
DA:119,0
DA:142,1
DA:146,1
DA:148,1
DA:149,0
DA:172,1
DA:176,1
DA:178,1
DA:179,0
DA:195,2
DA:196,2
DA:197,2
DA:198,2
DA:200,2
DA:201,0
DA:203,2
DA:204,0
DA:206,2
DA:207,0
DA:222,1
DA:223,1
DA:224,1
DA:226,1
DA:227,0
DA:229,1
DA:230,0
DA:246,1
DA:247,1
DA:248,1
DA:249,1
DA:251,1
DA:252,0
DA:254,1
DA:255,0
DA:257,1
DA:258,0
DA:273,45
DA:279,45
DA:294,13
DA:302,13
DA:304,13
DA:305,13
DA:306,5
DA:309,13
DA:310,1
DA:313,12
DA:322,1
DA:323,1
DA:324,1
DA:333,2
DA:341,0
DA:357,4
DA:366,1
DA:367,0
DA:370,1
DA:371,1
DA:381,1
DA:382,0
DA:385,1
DA:401,7
DA:410,1
DA:411,0
DA:414,1
DA:415,1
DA:426,2
DA:427,0
DA:429,2
DA:430,1
DA:433,1
DA:449,9
DA:458,0
DA:459,0
DA:462,0
DA:463,0
DA:473,2
DA:474,1
DA:477,1
DA:478,5
DA:488,2
DA:502,1
DA:513,5
DA:514,5
DA:516,4
DA:517,2
DA:519,2
DA:520,1
DA:523,1
DA:554,1
LF:99
LH:77
BRDA:109,0,0,3
BRDA:110,1,0,3
BRDA:112,2,0,0
BRDA:112,2,1,3
BRDA:115,3,0,0
BRDA:115,3,1,3
BRDA:118,4,0,0
BRDA:118,4,1,3
BRDA:118,5,0,3
BRDA:118,5,1,3
BRDA:143,6,0,1
BRDA:144,7,0,1
BRDA:148,8,0,0
BRDA:148,8,1,1
BRDA:173,9,0,1
BRDA:174,10,0,1
BRDA:178,11,0,0
BRDA:178,11,1,1
BRDA:198,12,0,2
BRDA:200,13,0,0
BRDA:200,13,1,2
BRDA:203,14,0,0
BRDA:203,14,1,2
BRDA:206,15,0,0
BRDA:206,15,1,2
BRDA:224,16,0,1
BRDA:226,17,0,0
BRDA:226,17,1,1
BRDA:229,18,0,0
BRDA:229,18,1,1
BRDA:249,19,0,1
BRDA:251,20,0,0
BRDA:251,20,1,1
BRDA:254,21,0,0
BRDA:254,21,1,1
BRDA:257,22,0,0
BRDA:257,22,1,1
BRDA:257,23,0,1
BRDA:257,23,1,1
BRDA:278,24,0,45
BRDA:309,25,0,1
BRDA:309,25,1,12
BRDA:366,26,0,0
BRDA:366,26,1,1
BRDA:381,27,0,0
BRDA:381,27,1,1
BRDA:381,28,0,1
BRDA:381,28,1,1
BRDA:410,29,0,0
BRDA:410,29,1,1
BRDA:426,30,0,0
BRDA:426,30,1,2
BRDA:426,31,0,2
BRDA:426,31,1,2
BRDA:429,32,0,1
BRDA:429,32,1,1
BRDA:433,33,0,1
BRDA:433,33,1,1
BRDA:458,34,0,0
BRDA:458,34,1,0
BRDA:473,35,0,1
BRDA:473,35,1,1
BRDA:519,36,0,1
BRDA:519,36,1,1
BRF:64
BRH:45
end_of_record
TN:
SF:src/ejercicio-3/shapes.ts
FN:19,(anonymous_0)
FN:29,(anonymous_1)
FN:42,(anonymous_2)
FN:58,(anonymous_3)
FN:71,(anonymous_4)
FN:87,(anonymous_5)
FN:101,(anonymous_6)
FNF:7
FNH:7
FNDA:2,(anonymous_0)
FNDA:1,(anonymous_1)
FNDA:2,(anonymous_2)
FNDA:1,(anonymous_3)
FNDA:2,(anonymous_4)
FNDA:1,(anonymous_5)
FNDA:4,(anonymous_6)
DA:19,2
DA:20,2
DA:21,1
DA:30,1
DA:43,2
DA:44,2
DA:46,2
DA:47,1
DA:49,1
DA:50,0
DA:59,1
DA:72,2
DA:73,2
DA:75,2
DA:76,0
DA:78,2
DA:79,1
DA:88,1
DA:102,4
LF:19
LH:17
BRDA:20,0,0,1
BRDA:20,0,1,1
BRDA:20,1,0,2
BRDA:20,1,1,2
BRDA:46,2,0,1
BRDA:46,2,1,1
BRDA:46,3,0,2
BRDA:46,3,1,2
BRDA:49,4,0,0
BRDA:49,4,1,1
BRDA:49,5,0,1
BRDA:49,5,1,1
BRDA:75,6,0,0
BRDA:75,6,1,2
BRDA:75,7,0,2
BRDA:75,7,1,2
BRDA:78,8,0,1
BRDA:78,8,1,1
BRDA:78,9,0,2
BRDA:78,9,1,2
BRF:20
BRH:18
end_of_record
TN:
SF:src/ejercicio-4/office-machines.ts
FN:43,(anonymous_0)
FN:56,(anonymous_1)
FN:65,(anonymous_2)
FN:73,(anonymous_3)
FN:84,sendFax
FN:94,printDocument
FNF:6
FNH:6
FNDA:2,(anonymous_0)
FNDA:1,(anonymous_1)
FNDA:1,(anonymous_2)
FNDA:2,(anonymous_3)
FNDA:1,sendFax
FNDA:1,printDocument
DA:44,2
DA:57,1
DA:66,1
DA:74,2
DA:85,1
DA:95,1
LF:6
LH:6
BRF:0
BRH:0
end_of_record
